[debug] [2026-02-12T14:47:18.660Z] ----------------------------------------------------------------------
[debug] [2026-02-12T14:47:18.664Z] Command:       C:\Program Files\nodejs\node.exe C:\Users\smm\AppData\Roaming\npm\node_modules\firebase-tools\lib\bin\firebase.js init
[debug] [2026-02-12T14:47:18.665Z] CLI Version:   15.5.1
[debug] [2026-02-12T14:47:18.665Z] Platform:      win32
[debug] [2026-02-12T14:47:18.665Z] Node Version:  v24.13.1
[debug] [2026-02-12T14:47:18.665Z] Time:          Thu Feb 12 2026 20:17:18 GMT+0530 (India Standard Time)
[debug] [2026-02-12T14:47:18.666Z] ----------------------------------------------------------------------
[debug] 
[info] 
     ######## #### ########  ######## ########     ###     ######  ########
     ##        ##  ##     ## ##       ##     ##  ##   ##  ##       ##
     ######    ##  ########  ######   ########  #########  ######  ######
     ##        ##  ##    ##  ##       ##     ## ##     ##       ## ##
     ##       #### ##     ## ######## ########  ##     ##  ######  ########

You're about to initialize a Firebase project in this directory:

  C:\xampp\htdocs\hamriyaportfolio

Before we get started, keep in mind:

  * You are currently outside your home directory

[info] 
=== Project Setup
[info] 
[info] First, let's associate this project directory with a Firebase project.
[info] You can create multiple project aliases by running firebase use --add, 
[info] 
[debug] [2026-02-12T14:49:33.654Z] > command requires scopes: ["email","openid","https://www.googleapis.com/auth/cloudplatformprojects.readonly","https://www.googleapis.com/auth/firebase","https://www.googleapis.com/auth/cloud-platform"]
[debug] [2026-02-12T14:49:33.654Z] > authorizing via signed-in user (hamriyamariam206@gmail.com)
[debug] [2026-02-12T14:49:33.656Z] Checked if tokens are valid: true, expires at: 1770911204759
[debug] [2026-02-12T14:49:33.656Z] Checked if tokens are valid: true, expires at: 1770911204759
[debug] [2026-02-12T14:49:33.658Z] >>> [apiv2][query] GET https://firebase.googleapis.com/v1beta1/projects pageSize=100
[debug] [2026-02-12T14:49:34.546Z] <<< [apiv2][status] GET https://firebase.googleapis.com/v1beta1/projects 200
[debug] [2026-02-12T14:49:34.546Z] <<< [apiv2][body] GET https://firebase.googleapis.com/v1beta1/projects [omitted]
[info] 
=== Hosting Setup
[debug] [2026-02-12T14:49:39.589Z] Checked if tokens are valid: true, expires at: 1770911204759
[debug] [2026-02-12T14:49:39.590Z] Checked if tokens are valid: true, expires at: 1770911204759
[debug] [2026-02-12T14:49:39.591Z] >>> [apiv2][query] GET https://firebase.googleapis.com/v1beta1/projects/hamriyaportfolio [none]
[debug] [2026-02-12T14:49:40.163Z] <<< [apiv2][status] GET https://firebase.googleapis.com/v1beta1/projects/hamriyaportfolio 200
[debug] [2026-02-12T14:49:40.164Z] <<< [apiv2][body] GET https://firebase.googleapis.com/v1beta1/projects/hamriyaportfolio {"projectId":"hamriyaportfolio","projectNumber":"742298097098","displayName":"HamriyaPortfolio","name":"projects/hamriyaportfolio","resources":{"hostingSite":"hamriyaportfolio"},"state":"ACTIVE","etag":"1_4aae4a61-8a22-4245-a093-d9d38b0bb027"}
[info] 
[info] Your public directory is the folder (relative to your project directory) that
[info] will contain Hosting assets to be uploaded with firebase deploy. If you
[info] have a build process for your assets, use your build's output directory.
[info] 
[info] 
[info] i  Didn't detect a .git folder. Assuming C:\xampp\htdocs\hamriyaportfolio is the project root. 
[info] i  Authorizing with GitHub to upload your service account to a GitHub repository's secrets store. 
[info] 
[info] Visit this URL on this device to log in:
[info] https://github.com/login/oauth/authorize?client_id=89cf50f02ac6aaed3484&state=852636123&redirect_uri=http%3A%2F%2Flocalhost%3A9005&scope=read%3Auser%20repo%20public_repo
[info] 
[info] Waiting for authentication...
